[ 2016-08-26T00:06:39+08:00 ] 127.0.0.1 /
INFO: [ app_init ] --START--
INFO: Run Behavior\BuildLiteBehavior [ RunTime:0.000009s ]
INFO: [ app_init ] --END-- [ RunTime:0.000175s ]
INFO: [ app_begin ] --START--
INFO: Run Behavior\ReadHtmlCacheBehavior [ RunTime:0.000212s ]
INFO: [ app_begin ] --END-- [ RunTime:0.000236s ]
SQL: SHOW COLUMNS FROM `visitor` [ RunTime:0.0026s ]
SQL: INSERT INTO `visitor` (`time`,`ip`,`os`,`browser`) VALUES ('1472141199','127.0.0.1','MAC','Chrome') [ RunTime:0.0004s ]
SQL: SHOW COLUMNS FROM `personal` [ RunTime:0.0006s ]
SQL: SELECT * FROM `personal`  [ RunTime:0.0001s ]
SQL: SHOW COLUMNS FROM `skill` [ RunTime:0.0006s ]
SQL: SELECT * FROM `skill`  [ RunTime:0.0001s ]
SQL: SHOW COLUMNS FROM `project` [ RunTime:0.0005s ]
SQL: SELECT * FROM `project`  [ RunTime:0.0001s ]
INFO: [ view_parse ] --START--
INFO: [ template_filter ] --START--
INFO: Run Behavior\ContentReplaceBehavior [ RunTime:0.000031s ]
INFO: [ template_filter ] --END-- [ RunTime:0.000062s ]
INFO: Run Behavior\ParseTemplateBehavior [ RunTime:0.005242s ]
INFO: [ view_parse ] --END-- [ RunTime:0.005275s ]
INFO: [ view_filter ] --START--
INFO: Run Behavior\WriteHtmlCacheBehavior [ RunTime:0.000153s ]
INFO: [ view_filter ] --END-- [ RunTime:0.000200s ]
INFO: [ app_end ] --START--
INFO: Run Behavior\ShowPageTraceBehavior [ RunTime:0.000489s ]
INFO: [ app_end ] --END-- [ RunTime:0.000527s ]

[ 2016-08-26T00:06:55+08:00 ] 127.0.0.1 /
INFO: [ app_init ] --START--
INFO: Run Behavior\BuildLiteBehavior [ RunTime:0.000010s ]
INFO: [ app_init ] --END-- [ RunTime:0.000183s ]
INFO: [ app_begin ] --START--
INFO: Run Behavior\ReadHtmlCacheBehavior [ RunTime:0.000286s ]
INFO: [ app_begin ] --END-- [ RunTime:0.000318s ]
SQL: SHOW COLUMNS FROM `visitor` [ RunTime:0.0009s ]
SQL: INSERT INTO `visitor` (`time`,`ip`,`os`,`browser`) VALUES ('1472141215','127.0.0.1','MAC','Chrome') [ RunTime:0.0003s ]
SQL: SHOW COLUMNS FROM `personal` [ RunTime:0.0007s ]
SQL: SELECT * FROM `personal`  [ RunTime:0.0001s ]
SQL: SHOW COLUMNS FROM `skill` [ RunTime:0.0007s ]
SQL: SELECT * FROM `skill`  [ RunTime:0.0002s ]
SQL: SHOW COLUMNS FROM `project` [ RunTime:0.0007s ]
SQL: SELECT * FROM `project`  [ RunTime:0.0002s ]
INFO: [ view_parse ] --START--
INFO: [ template_filter ] --START--
INFO: Run Behavior\ContentReplaceBehavior [ RunTime:0.000036s ]
INFO: [ template_filter ] --END-- [ RunTime:0.000066s ]
INFO: Run Behavior\ParseTemplateBehavior [ RunTime:0.005248s ]
INFO: [ view_parse ] --END-- [ RunTime:0.005274s ]
INFO: [ view_filter ] --START--
INFO: Run Behavior\WriteHtmlCacheBehavior [ RunTime:0.000081s ]
INFO: [ view_filter ] --END-- [ RunTime:0.000098s ]
INFO: [ app_end ] --START--
INFO: Run Behavior\ShowPageTraceBehavior [ RunTime:0.000256s ]
INFO: [ app_end ] --END-- [ RunTime:0.000277s ]

[ 2016-08-26T00:07:07+08:00 ] 127.0.0.1 /
INFO: [ app_init ] --START--
INFO: Run Behavior\BuildLiteBehavior [ RunTime:0.000007s ]
INFO: [ app_init ] --END-- [ RunTime:0.000207s ]
INFO: [ app_begin ] --START--
INFO: Run Behavior\ReadHtmlCacheBehavior [ RunTime:0.000282s ]
INFO: [ app_begin ] --END-- [ RunTime:0.000305s ]
SQL: SHOW COLUMNS FROM `visitor` [ RunTime:0.0009s ]
SQL: INSERT INTO `visitor` (`time`,`ip`,`os`,`browser`) VALUES ('1472141227','127.0.0.1','MAC','Chrome') [ RunTime:0.0003s ]
SQL: SHOW COLUMNS FROM `personal` [ RunTime:0.0007s ]
SQL: SELECT * FROM `personal`  [ RunTime:0.0001s ]
SQL: SHOW COLUMNS FROM `skill` [ RunTime:0.0006s ]
SQL: SELECT * FROM `skill`  [ RunTime:0.0001s ]
SQL: SHOW COLUMNS FROM `project` [ RunTime:0.0006s ]
SQL: SELECT * FROM `project`  [ RunTime:0.0001s ]
INFO: [ view_parse ] --START--
INFO: [ template_filter ] --START--
INFO: Run Behavior\ContentReplaceBehavior [ RunTime:0.000036s ]
INFO: [ template_filter ] --END-- [ RunTime:0.000061s ]
INFO: Run Behavior\ParseTemplateBehavior [ RunTime:0.005055s ]
INFO: [ view_parse ] --END-- [ RunTime:0.005080s ]
INFO: [ view_filter ] --START--
INFO: Run Behavior\WriteHtmlCacheBehavior [ RunTime:0.000079s ]
INFO: [ view_filter ] --END-- [ RunTime:0.000097s ]
INFO: [ app_end ] --START--
INFO: Run Behavior\ShowPageTraceBehavior [ RunTime:0.000240s ]
INFO: [ app_end ] --END-- [ RunTime:0.000263s ]

[ 2016-08-26T00:07:29+08:00 ] 127.0.0.1 /
INFO: [ app_init ] --START--
INFO: Run Behavior\BuildLiteBehavior [ RunTime:0.000011s ]
INFO: [ app_init ] --END-- [ RunTime:0.000202s ]
INFO: [ app_begin ] --START--
INFO: Run Behavior\ReadHtmlCacheBehavior [ RunTime:0.000222s ]
INFO: [ app_begin ] --END-- [ RunTime:0.000244s ]
SQL: SHOW COLUMNS FROM `visitor` [ RunTime:0.0010s ]
SQL: INSERT INTO `visitor` (`time`,`ip`,`os`,`browser`) VALUES ('1472141249','127.0.0.1','MAC','Chrome') [ RunTime:0.0004s ]
SQL: SHOW COLUMNS FROM `personal` [ RunTime:0.0007s ]
SQL: SELECT * FROM `personal`  [ RunTime:0.0001s ]
SQL: SHOW COLUMNS FROM `skill` [ RunTime:0.0006s ]
SQL: SELECT * FROM `skill`  [ RunTime:0.0001s ]
SQL: SHOW COLUMNS FROM `project` [ RunTime:0.0006s ]
SQL: SELECT * FROM `project`  [ RunTime:0.0001s ]
INFO: [ view_parse ] --START--
INFO: [ template_filter ] --START--
INFO: Run Behavior\ContentReplaceBehavior [ RunTime:0.000036s ]
INFO: [ template_filter ] --END-- [ RunTime:0.000061s ]
INFO: Run Behavior\ParseTemplateBehavior [ RunTime:0.004822s ]
INFO: [ view_parse ] --END-- [ RunTime:0.004848s ]
INFO: [ view_filter ] --START--
INFO: Run Behavior\WriteHtmlCacheBehavior [ RunTime:0.000078s ]
INFO: [ view_filter ] --END-- [ RunTime:0.000095s ]
INFO: [ app_end ] --START--
INFO: Run Behavior\ShowPageTraceBehavior [ RunTime:0.000305s ]
INFO: [ app_end ] --END-- [ RunTime:0.000327s ]

[ 2016-08-26T00:08:09+08:00 ] 127.0.0.1 /
INFO: [ app_init ] --START--
INFO: Run Behavior\BuildLiteBehavior [ RunTime:0.000006s ]
INFO: [ app_init ] --END-- [ RunTime:0.000160s ]
INFO: [ app_begin ] --START--
INFO: Run Behavior\ReadHtmlCacheBehavior [ RunTime:0.000230s ]
INFO: [ app_begin ] --END-- [ RunTime:0.000253s ]
SQL: SHOW COLUMNS FROM `visitor` [ RunTime:0.0009s ]
SQL: INSERT INTO `visitor` (`time`,`ip`,`os`,`browser`) VALUES ('1472141289','127.0.0.1','MAC','Chrome') [ RunTime:0.0003s ]
SQL: SHOW COLUMNS FROM `personal` [ RunTime:0.0006s ]
SQL: SELECT * FROM `personal`  [ RunTime:0.0001s ]
SQL: SHOW COLUMNS FROM `skill` [ RunTime:0.0005s ]
SQL: SELECT * FROM `skill`  [ RunTime:0.0001s ]
SQL: SHOW COLUMNS FROM `project` [ RunTime:0.0005s ]
SQL: SELECT * FROM `project`  [ RunTime:0.0001s ]
INFO: [ view_parse ] --START--
INFO: [ template_filter ] --START--
INFO: Run Behavior\ContentReplaceBehavior [ RunTime:0.000031s ]
INFO: [ template_filter ] --END-- [ RunTime:0.000060s ]
INFO: Run Behavior\ParseTemplateBehavior [ RunTime:0.005028s ]
INFO: [ view_parse ] --END-- [ RunTime:0.005060s ]
INFO: [ view_filter ] --START--
INFO: Run Behavior\WriteHtmlCacheBehavior [ RunTime:0.000110s ]
INFO: [ view_filter ] --END-- [ RunTime:0.000136s ]
INFO: [ app_end ] --START--
INFO: Run Behavior\ShowPageTraceBehavior [ RunTime:0.000283s ]
INFO: [ app_end ] --END-- [ RunTime:0.000309s ]

[ 2016-08-26T00:08:19+08:00 ] 127.0.0.1 /
INFO: [ app_init ] --START--
INFO: Run Behavior\BuildLiteBehavior [ RunTime:0.000008s ]
INFO: [ app_init ] --END-- [ RunTime:0.000171s ]
INFO: [ app_begin ] --START--
INFO: Run Behavior\ReadHtmlCacheBehavior [ RunTime:0.000203s ]
INFO: [ app_begin ] --END-- [ RunTime:0.000224s ]
SQL: SHOW COLUMNS FROM `visitor` [ RunTime:0.0010s ]
SQL: INSERT INTO `visitor` (`time`,`ip`,`os`,`browser`) VALUES ('1472141299','127.0.0.1','MAC','Chrome') [ RunTime:0.0004s ]
SQL: SHOW COLUMNS FROM `personal` [ RunTime:0.0007s ]
SQL: SELECT * FROM `personal`  [ RunTime:0.0002s ]
SQL: SHOW COLUMNS FROM `skill` [ RunTime:0.0006s ]
SQL: SELECT * FROM `skill`  [ RunTime:0.0001s ]
SQL: SHOW COLUMNS FROM `project` [ RunTime:0.0006s ]
SQL: SELECT * FROM `project`  [ RunTime:0.0001s ]
INFO: [ view_parse ] --START--
INFO: [ template_filter ] --START--
INFO: Run Behavior\ContentReplaceBehavior [ RunTime:0.000030s ]
INFO: [ template_filter ] --END-- [ RunTime:0.000053s ]
INFO: Run Behavior\ParseTemplateBehavior [ RunTime:0.004946s ]
INFO: [ view_parse ] --END-- [ RunTime:0.004975s ]
INFO: [ view_filter ] --START--
INFO: Run Behavior\WriteHtmlCacheBehavior [ RunTime:0.000105s ]
INFO: [ view_filter ] --END-- [ RunTime:0.000129s ]
INFO: [ app_end ] --START--
INFO: Run Behavior\ShowPageTraceBehavior [ RunTime:0.000285s ]
INFO: [ app_end ] --END-- [ RunTime:0.000313s ]

[ 2016-08-26T00:08:39+08:00 ] 127.0.0.1 /
INFO: [ app_init ] --START--
INFO: Run Behavior\BuildLiteBehavior [ RunTime:0.000006s ]
INFO: [ app_init ] --END-- [ RunTime:0.000155s ]
INFO: [ app_begin ] --START--
INFO: Run Behavior\ReadHtmlCacheBehavior [ RunTime:0.000225s ]
INFO: [ app_begin ] --END-- [ RunTime:0.000261s ]
SQL: SHOW COLUMNS FROM `visitor` [ RunTime:0.0010s ]
SQL: INSERT INTO `visitor` (`time`,`ip`,`os`,`browser`) VALUES ('1472141319','127.0.0.1','MAC','Chrome') [ RunTime:0.0004s ]
SQL: SHOW COLUMNS FROM `personal` [ RunTime:0.0006s ]
SQL: SELECT * FROM `personal`  [ RunTime:0.0001s ]
SQL: SHOW COLUMNS FROM `skill` [ RunTime:0.0005s ]
SQL: SELECT * FROM `skill`  [ RunTime:0.0001s ]
SQL: SHOW COLUMNS FROM `project` [ RunTime:0.0006s ]
SQL: SELECT * FROM `project`  [ RunTime:0.0001s ]
INFO: [ view_parse ] --START--
INFO: [ template_filter ] --START--
INFO: Run Behavior\ContentReplaceBehavior [ RunTime:0.000029s ]
INFO: [ template_filter ] --END-- [ RunTime:0.000054s ]
INFO: Run Behavior\ParseTemplateBehavior [ RunTime:0.005077s ]
INFO: [ view_parse ] --END-- [ RunTime:0.005102s ]
INFO: [ view_filter ] --START--
INFO: Run Behavior\WriteHtmlCacheBehavior [ RunTime:0.000076s ]
INFO: [ view_filter ] --END-- [ RunTime:0.000093s ]
INFO: [ app_end ] --START--
INFO: Run Behavior\ShowPageTraceBehavior [ RunTime:0.000296s ]
INFO: [ app_end ] --END-- [ RunTime:0.000322s ]

[ 2016-08-26T00:09:30+08:00 ] 127.0.0.1 /
INFO: [ app_init ] --START--
INFO: Run Behavior\BuildLiteBehavior [ RunTime:0.000006s ]
INFO: [ app_init ] --END-- [ RunTime:0.000155s ]
INFO: [ app_begin ] --START--
INFO: Run Behavior\ReadHtmlCacheBehavior [ RunTime:0.000198s ]
INFO: [ app_begin ] --END-- [ RunTime:0.000220s ]
SQL: SHOW COLUMNS FROM `visitor` [ RunTime:0.0009s ]
SQL: INSERT INTO `visitor` (`time`,`ip`,`os`,`browser`) VALUES ('1472141370','127.0.0.1','MAC','Chrome') [ RunTime:0.0003s ]
SQL: SHOW COLUMNS FROM `personal` [ RunTime:0.0007s ]
SQL: SELECT * FROM `personal`  [ RunTime:0.0001s ]
SQL: SHOW COLUMNS FROM `skill` [ RunTime:0.0008s ]
SQL: SELECT * FROM `skill`  [ RunTime:0.0001s ]
SQL: SHOW COLUMNS FROM `project` [ RunTime:0.0009s ]
SQL: SELECT * FROM `project`  [ RunTime:0.0002s ]
INFO: [ view_parse ] --START--
INFO: [ template_filter ] --START--
INFO: Run Behavior\ContentReplaceBehavior [ RunTime:0.000029s ]
INFO: [ template_filter ] --END-- [ RunTime:0.000053s ]
INFO: Run Behavior\ParseTemplateBehavior [ RunTime:0.004680s ]
INFO: [ view_parse ] --END-- [ RunTime:0.004706s ]
INFO: [ view_filter ] --START--
INFO: Run Behavior\WriteHtmlCacheBehavior [ RunTime:0.000079s ]
INFO: [ view_filter ] --END-- [ RunTime:0.000096s ]
INFO: [ app_end ] --START--
INFO: Run Behavior\ShowPageTraceBehavior [ RunTime:0.000228s ]
INFO: [ app_end ] --END-- [ RunTime:0.000250s ]

[ 2016-08-26T00:09:53+08:00 ] 127.0.0.1 /
INFO: [ app_init ] --START--
INFO: Run Behavior\BuildLiteBehavior [ RunTime:0.000006s ]
INFO: [ app_init ] --END-- [ RunTime:0.000163s ]
INFO: [ app_begin ] --START--
INFO: Run Behavior\ReadHtmlCacheBehavior [ RunTime:0.000223s ]
INFO: [ app_begin ] --END-- [ RunTime:0.000246s ]
SQL: SHOW COLUMNS FROM `visitor` [ RunTime:0.0009s ]
SQL: INSERT INTO `visitor` (`time`,`ip`,`os`,`browser`) VALUES ('1472141393','127.0.0.1','MAC','Chrome') [ RunTime:0.0003s ]
SQL: SHOW COLUMNS FROM `personal` [ RunTime:0.0012s ]
SQL: SELECT * FROM `personal`  [ RunTime:0.0002s ]
SQL: SHOW COLUMNS FROM `skill` [ RunTime:0.0006s ]
SQL: SELECT * FROM `skill`  [ RunTime:0.0001s ]
SQL: SHOW COLUMNS FROM `project` [ RunTime:0.0006s ]
SQL: SELECT * FROM `project`  [ RunTime:0.0001s ]
INFO: [ view_parse ] --START--
INFO: [ template_filter ] --START--
INFO: Run Behavior\ContentReplaceBehavior [ RunTime:0.000029s ]
INFO: [ template_filter ] --END-- [ RunTime:0.000053s ]
INFO: Run Behavior\ParseTemplateBehavior [ RunTime:0.004808s ]
INFO: [ view_parse ] --END-- [ RunTime:0.004833s ]
INFO: [ view_filter ] --START--
INFO: Run Behavior\WriteHtmlCacheBehavior [ RunTime:0.000078s ]
INFO: [ view_filter ] --END-- [ RunTime:0.000096s ]
INFO: [ app_end ] --START--
INFO: Run Behavior\ShowPageTraceBehavior [ RunTime:0.000315s ]
INFO: [ app_end ] --END-- [ RunTime:0.000346s ]

[ 2016-08-26T00:10:02+08:00 ] 127.0.0.1 /
INFO: [ app_init ] --START--
INFO: Run Behavior\BuildLiteBehavior [ RunTime:0.000006s ]
INFO: [ app_init ] --END-- [ RunTime:0.000158s ]
INFO: [ app_begin ] --START--
INFO: Run Behavior\ReadHtmlCacheBehavior [ RunTime:0.000197s ]
INFO: [ app_begin ] --END-- [ RunTime:0.000219s ]
SQL: SHOW COLUMNS FROM `visitor` [ RunTime:0.0008s ]
SQL: INSERT INTO `visitor` (`time`,`ip`,`os`,`browser`) VALUES ('1472141402','127.0.0.1','MAC','Chrome') [ RunTime:0.0003s ]
SQL: SHOW COLUMNS FROM `personal` [ RunTime:0.0007s ]
SQL: SELECT * FROM `personal`  [ RunTime:0.0002s ]
SQL: SHOW COLUMNS FROM `skill` [ RunTime:0.0011s ]
SQL: SELECT * FROM `skill`  [ RunTime:0.0002s ]
SQL: SHOW COLUMNS FROM `project` [ RunTime:0.0008s ]
SQL: SELECT * FROM `project`  [ RunTime:0.0001s ]
INFO: [ view_parse ] --START--
INFO: [ template_filter ] --START--
INFO: Run Behavior\ContentReplaceBehavior [ RunTime:0.000029s ]
INFO: [ template_filter ] --END-- [ RunTime:0.000056s ]
INFO: Run Behavior\ParseTemplateBehavior [ RunTime:0.004826s ]
INFO: [ view_parse ] --END-- [ RunTime:0.004851s ]
INFO: [ view_filter ] --START--
INFO: Run Behavior\WriteHtmlCacheBehavior [ RunTime:0.000083s ]
INFO: [ view_filter ] --END-- [ RunTime:0.000101s ]
INFO: [ app_end ] --START--
INFO: Run Behavior\ShowPageTraceBehavior [ RunTime:0.000237s ]
INFO: [ app_end ] --END-- [ RunTime:0.000259s ]

[ 2016-08-26T00:10:13+08:00 ] 127.0.0.1 /
INFO: [ app_init ] --START--
INFO: Run Behavior\BuildLiteBehavior [ RunTime:0.000008s ]
INFO: [ app_init ] --END-- [ RunTime:0.000171s ]
INFO: [ app_begin ] --START--
INFO: Run Behavior\ReadHtmlCacheBehavior [ RunTime:0.000210s ]
INFO: [ app_begin ] --END-- [ RunTime:0.000234s ]
SQL: SHOW COLUMNS FROM `visitor` [ RunTime:0.0009s ]
SQL: INSERT INTO `visitor` (`time`,`ip`,`os`,`browser`) VALUES ('1472141413','127.0.0.1','MAC','Chrome') [ RunTime:0.0003s ]
SQL: SHOW COLUMNS FROM `personal` [ RunTime:0.0006s ]
SQL: SELECT * FROM `personal`  [ RunTime:0.0001s ]
SQL: SHOW COLUMNS FROM `skill` [ RunTime:0.0006s ]
SQL: SELECT * FROM `skill`  [ RunTime:0.0001s ]
SQL: SHOW COLUMNS FROM `project` [ RunTime:0.0006s ]
SQL: SELECT * FROM `project`  [ RunTime:0.0001s ]
INFO: [ view_parse ] --START--
INFO: [ template_filter ] --START--
INFO: Run Behavior\ContentReplaceBehavior [ RunTime:0.000031s ]
INFO: [ template_filter ] --END-- [ RunTime:0.000063s ]
INFO: Run Behavior\ParseTemplateBehavior [ RunTime:0.004996s ]
INFO: [ view_parse ] --END-- [ RunTime:0.005020s ]
INFO: [ view_filter ] --START--
INFO: Run Behavior\WriteHtmlCacheBehavior [ RunTime:0.000086s ]
INFO: [ view_filter ] --END-- [ RunTime:0.000105s ]
INFO: [ app_end ] --START--
INFO: Run Behavior\ShowPageTraceBehavior [ RunTime:0.000239s ]
INFO: [ app_end ] --END-- [ RunTime:0.000261s ]

[ 2016-08-26T00:10:36+08:00 ] 127.0.0.1 /
INFO: [ app_init ] --START--
INFO: Run Behavior\BuildLiteBehavior [ RunTime:0.000007s ]
INFO: [ app_init ] --END-- [ RunTime:0.000187s ]
INFO: [ app_begin ] --START--
INFO: Run Behavior\ReadHtmlCacheBehavior [ RunTime:0.000202s ]
INFO: [ app_begin ] --END-- [ RunTime:0.000224s ]
SQL: SHOW COLUMNS FROM `visitor` [ RunTime:0.0010s ]
SQL: INSERT INTO `visitor` (`time`,`ip`,`os`,`browser`) VALUES ('1472141436','127.0.0.1','MAC','Chrome') [ RunTime:0.0003s ]
SQL: SHOW COLUMNS FROM `personal` [ RunTime:0.0007s ]
SQL: SELECT * FROM `personal`  [ RunTime:0.0001s ]
SQL: SHOW COLUMNS FROM `skill` [ RunTime:0.0006s ]
SQL: SELECT * FROM `skill`  [ RunTime:0.0001s ]
SQL: SHOW COLUMNS FROM `project` [ RunTime:0.0007s ]
SQL: SELECT * FROM `project`  [ RunTime:0.0001s ]
INFO: [ view_parse ] --START--
INFO: [ template_filter ] --START--
INFO: Run Behavior\ContentReplaceBehavior [ RunTime:0.000029s ]
INFO: [ template_filter ] --END-- [ RunTime:0.000052s ]
INFO: Run Behavior\ParseTemplateBehavior [ RunTime:0.004711s ]
INFO: [ view_parse ] --END-- [ RunTime:0.004735s ]
INFO: [ view_filter ] --START--
INFO: Run Behavior\WriteHtmlCacheBehavior [ RunTime:0.000076s ]
INFO: [ view_filter ] --END-- [ RunTime:0.000093s ]
INFO: [ app_end ] --START--
INFO: Run Behavior\ShowPageTraceBehavior [ RunTime:0.000288s ]
INFO: [ app_end ] --END-- [ RunTime:0.000319s ]

[ 2016-08-26T00:11:16+08:00 ] 127.0.0.1 /
INFO: [ app_init ] --START--
INFO: Run Behavior\BuildLiteBehavior [ RunTime:0.000007s ]
INFO: [ app_init ] --END-- [ RunTime:0.000174s ]
INFO: [ app_begin ] --START--
INFO: Run Behavior\ReadHtmlCacheBehavior [ RunTime:0.000214s ]
INFO: [ app_begin ] --END-- [ RunTime:0.000238s ]
SQL: SHOW COLUMNS FROM `visitor` [ RunTime:0.0026s ]
SQL: INSERT INTO `visitor` (`time`,`ip`,`os`,`browser`) VALUES ('1472141476','127.0.0.1','MAC','Chrome') [ RunTime:0.0003s ]
SQL: SHOW COLUMNS FROM `personal` [ RunTime:0.0007s ]
SQL: SELECT * FROM `personal`  [ RunTime:0.0001s ]
SQL: SHOW COLUMNS FROM `skill` [ RunTime:0.0006s ]
SQL: SELECT * FROM `skill`  [ RunTime:0.0002s ]
SQL: SHOW COLUMNS FROM `project` [ RunTime:0.0007s ]
SQL: SELECT * FROM `project`  [ RunTime:0.0001s ]
INFO: [ view_parse ] --START--
INFO: [ template_filter ] --START--
INFO: Run Behavior\ContentReplaceBehavior [ RunTime:0.000027s ]
INFO: [ template_filter ] --END-- [ RunTime:0.000052s ]
INFO: Run Behavior\ParseTemplateBehavior [ RunTime:0.004739s ]
INFO: [ view_parse ] --END-- [ RunTime:0.004786s ]
INFO: [ view_filter ] --START--
INFO: Run Behavior\WriteHtmlCacheBehavior [ RunTime:0.000093s ]
INFO: [ view_filter ] --END-- [ RunTime:0.000130s ]
INFO: [ app_end ] --START--
INFO: Run Behavior\ShowPageTraceBehavior [ RunTime:0.000324s ]
INFO: [ app_end ] --END-- [ RunTime:0.000353s ]

[ 2016-08-26T00:11:44+08:00 ] 127.0.0.1 /
INFO: [ app_init ] --START--
INFO: Run Behavior\BuildLiteBehavior [ RunTime:0.000008s ]
INFO: [ app_init ] --END-- [ RunTime:0.000189s ]
INFO: [ app_begin ] --START--
INFO: Run Behavior\ReadHtmlCacheBehavior [ RunTime:0.000227s ]
INFO: [ app_begin ] --END-- [ RunTime:0.000250s ]
SQL: SHOW COLUMNS FROM `visitor` [ RunTime:0.0008s ]
SQL: INSERT INTO `visitor` (`time`,`ip`,`os`,`browser`) VALUES ('1472141504','127.0.0.1','MAC','Chrome') [ RunTime:0.0003s ]
SQL: SHOW COLUMNS FROM `personal` [ RunTime:0.0007s ]
SQL: SELECT * FROM `personal`  [ RunTime:0.0001s ]
SQL: SHOW COLUMNS FROM `skill` [ RunTime:0.0006s ]
SQL: SELECT * FROM `skill`  [ RunTime:0.0001s ]
SQL: SHOW COLUMNS FROM `project` [ RunTime:0.0006s ]
SQL: SELECT * FROM `project`  [ RunTime:0.0001s ]
INFO: [ view_parse ] --START--
INFO: [ template_filter ] --START--
INFO: Run Behavior\ContentReplaceBehavior [ RunTime:0.000031s ]
INFO: [ template_filter ] --END-- [ RunTime:0.000056s ]
INFO: Run Behavior\ParseTemplateBehavior [ RunTime:0.004933s ]
INFO: [ view_parse ] --END-- [ RunTime:0.004958s ]
INFO: [ view_filter ] --START--
INFO: Run Behavior\WriteHtmlCacheBehavior [ RunTime:0.000076s ]
INFO: [ view_filter ] --END-- [ RunTime:0.000093s ]
INFO: [ app_end ] --START--
INFO: Run Behavior\ShowPageTraceBehavior [ RunTime:0.000283s ]
INFO: [ app_end ] --END-- [ RunTime:0.000303s ]

[ 2016-08-26T00:12:19+08:00 ] 127.0.0.1 /index.php/home/index/index?
INFO: [ app_init ] --START--
INFO: Run Behavior\BuildLiteBehavior [ RunTime:0.000006s ]
INFO: [ app_init ] --END-- [ RunTime:0.000166s ]
INFO: [ app_begin ] --START--
INFO: Run Behavior\ReadHtmlCacheBehavior [ RunTime:0.000204s ]
INFO: [ app_begin ] --END-- [ RunTime:0.000228s ]
SQL: SHOW COLUMNS FROM `visitor` [ RunTime:0.0009s ]
SQL: INSERT INTO `visitor` (`time`,`ip`,`os`,`browser`) VALUES ('1472141539','127.0.0.1','MAC','Safari') [ RunTime:0.0002s ]
SQL: SHOW COLUMNS FROM `personal` [ RunTime:0.0007s ]
SQL: SELECT * FROM `personal`  [ RunTime:0.0001s ]
SQL: SHOW COLUMNS FROM `skill` [ RunTime:0.0006s ]
SQL: SELECT * FROM `skill`  [ RunTime:0.0001s ]
SQL: SHOW COLUMNS FROM `project` [ RunTime:0.0006s ]
SQL: SELECT * FROM `project`  [ RunTime:0.0001s ]
INFO: [ view_parse ] --START--
INFO: [ template_filter ] --START--
INFO: Run Behavior\ContentReplaceBehavior [ RunTime:0.000032s ]
INFO: [ template_filter ] --END-- [ RunTime:0.000064s ]
INFO: Run Behavior\ParseTemplateBehavior [ RunTime:0.005168s ]
INFO: [ view_parse ] --END-- [ RunTime:0.005196s ]
INFO: [ view_filter ] --START--
INFO: Run Behavior\WriteHtmlCacheBehavior [ RunTime:0.000090s ]
INFO: [ view_filter ] --END-- [ RunTime:0.000109s ]
INFO: [ app_end ] --START--
INFO: Run Behavior\ShowPageTraceBehavior [ RunTime:0.000265s ]
INFO: [ app_end ] --END-- [ RunTime:0.000288s ]

[ 2016-08-26T00:13:07+08:00 ] 127.0.0.1 /
INFO: [ app_init ] --START--
INFO: Run Behavior\BuildLiteBehavior [ RunTime:0.000006s ]
INFO: [ app_init ] --END-- [ RunTime:0.000171s ]
INFO: [ app_begin ] --START--
INFO: Run Behavior\ReadHtmlCacheBehavior [ RunTime:0.000224s ]
INFO: [ app_begin ] --END-- [ RunTime:0.000246s ]
SQL: SHOW COLUMNS FROM `visitor` [ RunTime:0.0009s ]
SQL: INSERT INTO `visitor` (`time`,`ip`,`os`,`browser`) VALUES ('1472141587','127.0.0.1','MAC','Chrome') [ RunTime:0.0003s ]
SQL: SHOW COLUMNS FROM `personal` [ RunTime:0.0007s ]
SQL: SELECT * FROM `personal`  [ RunTime:0.0002s ]
SQL: SHOW COLUMNS FROM `skill` [ RunTime:0.0010s ]
SQL: SELECT * FROM `skill`  [ RunTime:0.0002s ]
SQL: SHOW COLUMNS FROM `project` [ RunTime:0.0007s ]
SQL: SELECT * FROM `project`  [ RunTime:0.0001s ]
INFO: [ view_parse ] --START--
INFO: [ template_filter ] --START--
INFO: Run Behavior\ContentReplaceBehavior [ RunTime:0.000027s ]
INFO: [ template_filter ] --END-- [ RunTime:0.000051s ]
INFO: Run Behavior\ParseTemplateBehavior [ RunTime:0.004538s ]
INFO: [ view_parse ] --END-- [ RunTime:0.004564s ]
INFO: [ view_filter ] --START--
INFO: Run Behavior\WriteHtmlCacheBehavior [ RunTime:0.000077s ]
INFO: [ view_filter ] --END-- [ RunTime:0.000094s ]
INFO: [ app_end ] --START--
INFO: Run Behavior\ShowPageTraceBehavior [ RunTime:0.000276s ]
INFO: [ app_end ] --END-- [ RunTime:0.000298s ]

[ 2016-08-26T00:13:16+08:00 ] 127.0.0.1 /index.php/home/index/index?
INFO: [ app_init ] --START--
INFO: Run Behavior\BuildLiteBehavior [ RunTime:0.000012s ]
INFO: [ app_init ] --END-- [ RunTime:0.000218s ]
INFO: [ app_begin ] --START--
INFO: Run Behavior\ReadHtmlCacheBehavior [ RunTime:0.000327s ]
INFO: [ app_begin ] --END-- [ RunTime:0.000362s ]
SQL: SHOW COLUMNS FROM `visitor` [ RunTime:0.0010s ]
SQL: INSERT INTO `visitor` (`time`,`ip`,`os`,`browser`) VALUES ('1472141596','127.0.0.1','MAC','Safari') [ RunTime:0.0003s ]
SQL: SHOW COLUMNS FROM `personal` [ RunTime:0.0008s ]
SQL: SELECT * FROM `personal`  [ RunTime:0.0002s ]
SQL: SHOW COLUMNS FROM `skill` [ RunTime:0.0005s ]
SQL: SELECT * FROM `skill`  [ RunTime:0.0001s ]
SQL: SHOW COLUMNS FROM `project` [ RunTime:0.0007s ]
SQL: SELECT * FROM `project`  [ RunTime:0.0002s ]
INFO: [ view_parse ] --START--
INFO: [ template_filter ] --START--
INFO: Run Behavior\ContentReplaceBehavior [ RunTime:0.000064s ]
INFO: [ template_filter ] --END-- [ RunTime:0.000092s ]
INFO: Run Behavior\ParseTemplateBehavior [ RunTime:0.005711s ]
INFO: [ view_parse ] --END-- [ RunTime:0.005774s ]
INFO: [ view_filter ] --START--
INFO: Run Behavior\WriteHtmlCacheBehavior [ RunTime:0.000376s ]
INFO: [ view_filter ] --END-- [ RunTime:0.000433s ]
INFO: [ app_end ] --START--
INFO: Run Behavior\ShowPageTraceBehavior [ RunTime:0.000596s ]
INFO: [ app_end ] --END-- [ RunTime:0.000725s ]

[ 2016-08-26T00:18:49+08:00 ] 127.0.0.1 /
INFO: [ app_init ] --START--
INFO: Run Behavior\BuildLiteBehavior [ RunTime:0.000010s ]
INFO: [ app_init ] --END-- [ RunTime:0.000166s ]
INFO: [ app_begin ] --START--
INFO: Run Behavior\ReadHtmlCacheBehavior [ RunTime:0.000264s ]
INFO: [ app_begin ] --END-- [ RunTime:0.000287s ]
SQL: SHOW COLUMNS FROM `visitor` [ RunTime:0.0011s ]
SQL: INSERT INTO `visitor` (`time`,`ip`,`os`,`browser`) VALUES ('1472141929','127.0.0.1','MAC','Chrome') [ RunTime:0.0004s ]
SQL: SHOW COLUMNS FROM `personal` [ RunTime:0.0006s ]
SQL: SELECT * FROM `personal`  [ RunTime:0.0001s ]
SQL: SHOW COLUMNS FROM `skill` [ RunTime:0.0006s ]
SQL: SELECT * FROM `skill`  [ RunTime:0.0001s ]
SQL: SHOW COLUMNS FROM `project` [ RunTime:0.0006s ]
SQL: SELECT * FROM `project`  [ RunTime:0.0001s ]
INFO: [ view_parse ] --START--
INFO: [ template_filter ] --START--
INFO: Run Behavior\ContentReplaceBehavior [ RunTime:0.000034s ]
INFO: [ template_filter ] --END-- [ RunTime:0.000059s ]
INFO: Run Behavior\ParseTemplateBehavior [ RunTime:0.005013s ]
INFO: [ view_parse ] --END-- [ RunTime:0.005039s ]
INFO: [ view_filter ] --START--
INFO: Run Behavior\WriteHtmlCacheBehavior [ RunTime:0.000075s ]
INFO: [ view_filter ] --END-- [ RunTime:0.000092s ]
INFO: [ app_end ] --START--
INFO: Run Behavior\ShowPageTraceBehavior [ RunTime:0.000311s ]
INFO: [ app_end ] --END-- [ RunTime:0.000332s ]

[ 2016-08-26T00:19:01+08:00 ] 127.0.0.1 /index.php/home/index/index?
INFO: [ app_init ] --START--
INFO: Run Behavior\BuildLiteBehavior [ RunTime:0.000007s ]
INFO: [ app_init ] --END-- [ RunTime:0.000200s ]
INFO: [ app_begin ] --START--
INFO: Run Behavior\ReadHtmlCacheBehavior [ RunTime:0.000344s ]
INFO: [ app_begin ] --END-- [ RunTime:0.000385s ]
SQL: SHOW COLUMNS FROM `visitor` [ RunTime:0.0026s ]
SQL: INSERT INTO `visitor` (`time`,`ip`,`os`,`browser`) VALUES ('1472141941','127.0.0.1','iPhone','Safari') [ RunTime:0.0003s ]
SQL: SHOW COLUMNS FROM `personal` [ RunTime:0.0006s ]
SQL: SELECT * FROM `personal`  [ RunTime:0.0001s ]
SQL: SHOW COLUMNS FROM `skill` [ RunTime:0.0005s ]
SQL: SELECT * FROM `skill`  [ RunTime:0.0002s ]
SQL: SHOW COLUMNS FROM `project` [ RunTime:0.0006s ]
SQL: SELECT * FROM `project`  [ RunTime:0.0001s ]
INFO: [ view_parse ] --START--
INFO: [ template_filter ] --START--
INFO: Run Behavior\ContentReplaceBehavior [ RunTime:0.000078s ]
INFO: [ template_filter ] --END-- [ RunTime:0.000135s ]
INFO: Run Behavior\ParseTemplateBehavior [ RunTime:0.005675s ]
INFO: [ view_parse ] --END-- [ RunTime:0.005702s ]
INFO: [ view_filter ] --START--
INFO: Run Behavior\WriteHtmlCacheBehavior [ RunTime:0.000093s ]
INFO: [ view_filter ] --END-- [ RunTime:0.000111s ]
INFO: [ app_end ] --START--
INFO: Run Behavior\ShowPageTraceBehavior [ RunTime:0.000234s ]
INFO: [ app_end ] --END-- [ RunTime:0.000256s ]

