[ 2016-08-25T23:26:16+08:00 ] 127.0.0.1 /
ERR: SQLSTATE[HY000] [1045] Access denied for user 'zhouspac'@'localhost' (using password: YES)

[ 2016-08-25T23:26:27+08:00 ] 127.0.0.1 /
ERR: SQLSTATE[HY000] [1045] Access denied for user 'zhouspac'@'localhost' (using password: YES)

[ 2016-08-25T23:26:30+08:00 ] 127.0.0.1 /
ERR: SQLSTATE[HY000] [1045] Access denied for user 'zhouspac'@'localhost' (using password: YES)

[ 2016-08-25T23:27:26+08:00 ] 127.0.0.1 /
ERR: SQLSTATE[HY000] [1045] Access denied for user 'zhouspac'@'localhost' (using password: YES)

[ 2016-08-25T23:27:27+08:00 ] 127.0.0.1 /
ERR: SQLSTATE[HY000] [1045] Access denied for user 'zhouspac'@'localhost' (using password: YES)

[ 2016-08-25T23:27:52+08:00 ] 127.0.0.1 /
ERR: SQLSTATE[HY000] [1045] Access denied for user 'zhouspac'@'localhost' (using password: YES)

[ 2016-08-25T23:28:16+08:00 ] 127.0.0.1 /
INFO: [ app_init ] --START--
INFO: Run Behavior\BuildLiteBehavior [ RunTime:0.000027s ]
INFO: [ app_init ] --END-- [ RunTime:0.000274s ]
INFO: [ app_begin ] --START--
INFO: Run Behavior\ReadHtmlCacheBehavior [ RunTime:0.000275s ]
INFO: [ app_begin ] --END-- [ RunTime:0.000306s ]
ERR: SQLSTATE[HY000] [1045] Access denied for user 'zhouspac'@'localhost' (using password: YES)

[ 2016-08-25T23:28:52+08:00 ] 127.0.0.1 /
INFO: [ app_init ] --START--
INFO: Run Behavior\BuildLiteBehavior [ RunTime:0.000010s ]
INFO: [ app_init ] --END-- [ RunTime:0.000199s ]
INFO: [ app_begin ] --START--
INFO: Run Behavior\ReadHtmlCacheBehavior [ RunTime:0.000216s ]
INFO: [ app_begin ] --END-- [ RunTime:0.000239s ]
SQL: SHOW COLUMNS FROM `visitor` [ RunTime:0.0030s ]
SQL: INSERT INTO `visitor` (`time`,`ip`) VALUES ('1472138932','127.0.0.1') [ RunTime:0.0004s ]
SQL: SHOW COLUMNS FROM `personal` [ RunTime:0.0007s ]
SQL: SELECT * FROM `personal`  [ RunTime:0.0001s ]
SQL: SHOW COLUMNS FROM `skill` [ RunTime:0.0006s ]
SQL: SELECT * FROM `skill`  [ RunTime:0.0002s ]
SQL: SHOW COLUMNS FROM `project` [ RunTime:0.0006s ]
SQL: SELECT * FROM `project`  [ RunTime:0.0001s ]
INFO: [ view_parse ] --START--
INFO: [ template_filter ] --START--
INFO: Run Behavior\ContentReplaceBehavior [ RunTime:0.000037s ]
INFO: [ template_filter ] --END-- [ RunTime:0.000064s ]
INFO: Run Behavior\ParseTemplateBehavior [ RunTime:0.006797s ]
INFO: [ view_parse ] --END-- [ RunTime:0.006824s ]
INFO: [ view_filter ] --START--
INFO: Run Behavior\WriteHtmlCacheBehavior [ RunTime:0.000308s ]
INFO: [ view_filter ] --END-- [ RunTime:0.000330s ]
INFO: [ app_end ] --START--
INFO: Run Behavior\ShowPageTraceBehavior [ RunTime:0.000484s ]
INFO: [ app_end ] --END-- [ RunTime:0.000509s ]

[ 2016-08-25T23:29:02+08:00 ] 127.0.0.1 /
INFO: [ app_init ] --START--
INFO: Run Behavior\BuildLiteBehavior [ RunTime:0.000007s ]
INFO: [ app_init ] --END-- [ RunTime:0.000165s ]
INFO: [ app_begin ] --START--
INFO: Run Behavior\ReadHtmlCacheBehavior [ RunTime:0.000275s ]
INFO: [ app_begin ] --END-- [ RunTime:0.000297s ]
SQL: SHOW COLUMNS FROM `visitor` [ RunTime:0.0008s ]
SQL: INSERT INTO `visitor` (`time`,`ip`,`os`,`browser`) VALUES ('1472138942','127.0.0.1','MAC','Chrome') [ RunTime:0.0003s ]
SQL: SHOW COLUMNS FROM `personal` [ RunTime:0.0007s ]
SQL: SELECT * FROM `personal`  [ RunTime:0.0002s ]
SQL: SHOW COLUMNS FROM `skill` [ RunTime:0.0007s ]
SQL: SELECT * FROM `skill`  [ RunTime:0.0001s ]
SQL: SHOW COLUMNS FROM `project` [ RunTime:0.0012s ]
SQL: SELECT * FROM `project`  [ RunTime:0.0002s ]
INFO: [ view_parse ] --START--
INFO: [ template_filter ] --START--
INFO: Run Behavior\ContentReplaceBehavior [ RunTime:0.000033s ]
INFO: [ template_filter ] --END-- [ RunTime:0.000058s ]
INFO: Run Behavior\ParseTemplateBehavior [ RunTime:0.004891s ]
INFO: [ view_parse ] --END-- [ RunTime:0.004917s ]
INFO: [ view_filter ] --START--
INFO: Run Behavior\WriteHtmlCacheBehavior [ RunTime:0.000079s ]
INFO: [ view_filter ] --END-- [ RunTime:0.000097s ]
INFO: [ app_end ] --START--
INFO: Run Behavior\ShowPageTraceBehavior [ RunTime:0.000241s ]
INFO: [ app_end ] --END-- [ RunTime:0.000263s ]

[ 2016-08-25T23:32:20+08:00 ] 127.0.0.1 /
INFO: [ app_init ] --START--
INFO: Run Behavior\BuildLiteBehavior [ RunTime:0.000013s ]
INFO: [ app_init ] --END-- [ RunTime:0.000228s ]
INFO: [ app_begin ] --START--
INFO: Run Behavior\ReadHtmlCacheBehavior [ RunTime:0.000243s ]
INFO: [ app_begin ] --END-- [ RunTime:0.000270s ]
SQL: SHOW COLUMNS FROM `visitor` [ RunTime:0.0031s ]
SQL: INSERT INTO `visitor` (`time`,`ip`,`os`,`browser`) VALUES ('1472139140','127.0.0.1','MAC','Chrome') [ RunTime:0.0004s ]
SQL: SHOW COLUMNS FROM `personal` [ RunTime:0.0006s ]
SQL: SELECT * FROM `personal`  [ RunTime:0.0001s ]
SQL: SHOW COLUMNS FROM `skill` [ RunTime:0.0005s ]
SQL: SELECT * FROM `skill`  [ RunTime:0.0001s ]
SQL: SHOW COLUMNS FROM `project` [ RunTime:0.0006s ]
SQL: SELECT * FROM `project`  [ RunTime:0.0001s ]
INFO: [ view_parse ] --START--
INFO: [ template_filter ] --START--
INFO: Run Behavior\ContentReplaceBehavior [ RunTime:0.000055s ]
INFO: [ template_filter ] --END-- [ RunTime:0.000082s ]
INFO: Run Behavior\ParseTemplateBehavior [ RunTime:0.005499s ]
INFO: [ view_parse ] --END-- [ RunTime:0.005525s ]
INFO: [ view_filter ] --START--
INFO: Run Behavior\WriteHtmlCacheBehavior [ RunTime:0.000079s ]
INFO: [ view_filter ] --END-- [ RunTime:0.000096s ]
INFO: [ app_end ] --START--
INFO: Run Behavior\ShowPageTraceBehavior [ RunTime:0.000325s ]
INFO: [ app_end ] --END-- [ RunTime:0.000357s ]

[ 2016-08-25T23:32:26+08:00 ] 127.0.0.1 /home/visitorinfo/details
INFO: [ app_init ] --START--
INFO: Run Behavior\BuildLiteBehavior [ RunTime:0.000007s ]
INFO: [ app_init ] --END-- [ RunTime:0.000157s ]
INFO: [ app_begin ] --START--
INFO: Run Behavior\ReadHtmlCacheBehavior [ RunTime:0.000205s ]
INFO: [ app_begin ] --END-- [ RunTime:0.000228s ]
SQL: SHOW COLUMNS FROM `visitor` [ RunTime:0.0008s ]
SQL: SELECT * FROM `visitor`  [ RunTime:0.0002s ]
SQL: SHOW COLUMNS FROM `suggest` [ RunTime:0.0006s ]
SQL: SELECT * FROM `suggest`  [ RunTime:0.0001s ]
SQL: SHOW COLUMNS FROM `interview` [ RunTime:0.0006s ]
SQL: SELECT * FROM `interview`  [ RunTime:0.0001s ]
INFO: [ view_parse ] --START--
INFO: [ template_filter ] --START--
INFO: Run Behavior\ContentReplaceBehavior [ RunTime:0.000018s ]
INFO: [ template_filter ] --END-- [ RunTime:0.000040s ]
INFO: Run Behavior\ParseTemplateBehavior [ RunTime:0.003648s ]
INFO: [ view_parse ] --END-- [ RunTime:0.003674s ]
INFO: [ view_filter ] --START--
INFO: Run Behavior\WriteHtmlCacheBehavior [ RunTime:0.000075s ]
INFO: [ view_filter ] --END-- [ RunTime:0.000092s ]
INFO: [ app_end ] --START--
INFO: Run Behavior\ShowPageTraceBehavior [ RunTime:0.000221s ]
INFO: [ app_end ] --END-- [ RunTime:0.000240s ]

[ 2016-08-25T23:32:54+08:00 ] 127.0.0.1 /home/visitorinfo/details
INFO: [ app_init ] --START--
INFO: Run Behavior\BuildLiteBehavior [ RunTime:0.000007s ]
INFO: [ app_init ] --END-- [ RunTime:0.000179s ]
INFO: [ app_begin ] --START--
INFO: Run Behavior\ReadHtmlCacheBehavior [ RunTime:0.000218s ]
INFO: [ app_begin ] --END-- [ RunTime:0.000241s ]
SQL: SHOW COLUMNS FROM `visitor` [ RunTime:0.0027s ]
SQL: SELECT * FROM `visitor`  [ RunTime:0.0002s ]
SQL: SHOW COLUMNS FROM `suggest` [ RunTime:0.0006s ]
SQL: SELECT * FROM `suggest`  [ RunTime:0.0001s ]
SQL: SHOW COLUMNS FROM `interview` [ RunTime:0.0007s ]
SQL: SELECT * FROM `interview`  [ RunTime:0.0001s ]
INFO: [ view_parse ] --START--
INFO: [ template_filter ] --START--
INFO: Run Behavior\ContentReplaceBehavior [ RunTime:0.000025s ]
INFO: [ template_filter ] --END-- [ RunTime:0.000047s ]
INFO: Run Behavior\ParseTemplateBehavior [ RunTime:0.004154s ]
INFO: [ view_parse ] --END-- [ RunTime:0.004179s ]
INFO: [ view_filter ] --START--
INFO: Run Behavior\WriteHtmlCacheBehavior [ RunTime:0.000089s ]
INFO: [ view_filter ] --END-- [ RunTime:0.000115s ]
INFO: [ app_end ] --START--
INFO: Run Behavior\ShowPageTraceBehavior [ RunTime:0.000243s ]
INFO: [ app_end ] --END-- [ RunTime:0.000263s ]

[ 2016-08-25T23:49:25+08:00 ] 127.0.0.1 /
INFO: [ app_init ] --START--
INFO: Run Behavior\BuildLiteBehavior [ RunTime:0.000007s ]
INFO: [ app_init ] --END-- [ RunTime:0.000165s ]
INFO: [ app_begin ] --START--
INFO: Run Behavior\ReadHtmlCacheBehavior [ RunTime:0.000210s ]
INFO: [ app_begin ] --END-- [ RunTime:0.000232s ]
SQL: SHOW COLUMNS FROM `visitor` [ RunTime:0.0027s ]
SQL: INSERT INTO `visitor` (`time`,`ip`,`os`,`browser`) VALUES ('1472140165','127.0.0.1','MAC','Chrome') [ RunTime:0.0003s ]
SQL: SHOW COLUMNS FROM `personal` [ RunTime:0.0006s ]
SQL: SELECT * FROM `personal`  [ RunTime:0.0001s ]
SQL: SHOW COLUMNS FROM `skill` [ RunTime:0.0006s ]
SQL: SELECT * FROM `skill`  [ RunTime:0.0002s ]
SQL: SHOW COLUMNS FROM `project` [ RunTime:0.0007s ]
SQL: SELECT * FROM `project`  [ RunTime:0.0001s ]
INFO: [ view_parse ] --START--
INFO: [ template_filter ] --START--
INFO: Run Behavior\ContentReplaceBehavior [ RunTime:0.000025s ]
INFO: [ template_filter ] --END-- [ RunTime:0.000049s ]
INFO: Run Behavior\ParseTemplateBehavior [ RunTime:0.004559s ]
INFO: [ view_parse ] --END-- [ RunTime:0.004582s ]
INFO: [ view_filter ] --START--
INFO: Run Behavior\WriteHtmlCacheBehavior [ RunTime:0.000074s ]
INFO: [ view_filter ] --END-- [ RunTime:0.000090s ]
INFO: [ app_end ] --START--
INFO: Run Behavior\ShowPageTraceBehavior [ RunTime:0.000306s ]
INFO: [ app_end ] --END-- [ RunTime:0.000335s ]

[ 2016-08-25T23:49:43+08:00 ] 127.0.0.1 /
INFO: [ app_init ] --START--
INFO: Run Behavior\BuildLiteBehavior [ RunTime:0.000008s ]
INFO: [ app_init ] --END-- [ RunTime:0.000171s ]
INFO: [ app_begin ] --START--
INFO: Run Behavior\ReadHtmlCacheBehavior [ RunTime:0.000259s ]
INFO: [ app_begin ] --END-- [ RunTime:0.000284s ]
SQL: SHOW COLUMNS FROM `visitor` [ RunTime:0.0007s ]
SQL: INSERT INTO `visitor` (`time`,`ip`,`os`,`browser`) VALUES ('1472140183','127.0.0.1','MAC','Chrome') [ RunTime:0.0003s ]
SQL: SHOW COLUMNS FROM `personal` [ RunTime:0.0006s ]
SQL: SELECT * FROM `personal`  [ RunTime:0.0001s ]
SQL: SHOW COLUMNS FROM `skill` [ RunTime:0.0006s ]
SQL: SELECT * FROM `skill`  [ RunTime:0.0001s ]
SQL: SHOW COLUMNS FROM `project` [ RunTime:0.0006s ]
SQL: SELECT * FROM `project`  [ RunTime:0.0001s ]
INFO: [ view_parse ] --START--
INFO: [ template_filter ] --START--
INFO: Run Behavior\ContentReplaceBehavior [ RunTime:0.000026s ]
INFO: [ template_filter ] --END-- [ RunTime:0.000050s ]
INFO: Run Behavior\ParseTemplateBehavior [ RunTime:0.004737s ]
INFO: [ view_parse ] --END-- [ RunTime:0.004760s ]
INFO: [ view_filter ] --START--
INFO: Run Behavior\WriteHtmlCacheBehavior [ RunTime:0.000073s ]
INFO: [ view_filter ] --END-- [ RunTime:0.000090s ]
INFO: [ app_end ] --START--
INFO: Run Behavior\ShowPageTraceBehavior [ RunTime:0.000318s ]
INFO: [ app_end ] --END-- [ RunTime:0.000358s ]

