[ 2016-08-25T23:26:16+08:00 ] 127.0.0.1 /favicon.ico
ERR: 无法加载模块:Favicon

[ 2016-08-25T23:29:02+08:00 ] 127.0.0.1 /resume/Home/Index/bye
INFO: [ app_init ] --START--
INFO: Run Behavior\BuildLiteBehavior [ RunTime:0.000010s ]
INFO: [ app_init ] --END-- [ RunTime:0.000173s ]
ERR: 无法加载模块:Resume

[ 2016-08-25T23:29:24+08:00 ] 127.0.0.1 /resume/Home/Index/bye
INFO: [ app_init ] --START--
INFO: Run Behavior\BuildLiteBehavior [ RunTime:0.000009s ]
INFO: [ app_init ] --END-- [ RunTime:0.000183s ]
ERR: 无法加载模块:Resume

[ 2016-08-25T23:32:26+08:00 ] 127.0.0.1 /resume/Home/Index/bye
INFO: [ app_init ] --START--
INFO: Run Behavior\BuildLiteBehavior [ RunTime:0.000014s ]
INFO: [ app_init ] --END-- [ RunTime:0.000312s ]
ERR: 无法加载模块:Resume

[ 2016-08-25T23:49:43+08:00 ] 127.0.0.1 /resume/Home/Index/bye
INFO: [ app_init ] --START--
INFO: Run Behavior\BuildLiteBehavior [ RunTime:0.000009s ]
INFO: [ app_init ] --END-- [ RunTime:0.000228s ]
ERR: 无法加载模块:Resume

[ 2016-08-25T23:56:18+08:00 ] 127.0.0.1 /resume/Home/Index/bye
ERR: 无法加载模块:Resume

[ 2016-08-25T23:59:52+08:00 ] 127.0.0.1 /resume/Home/Index/bye
INFO: [ app_init ] --START--
INFO: Run Behavior\BuildLiteBehavior [ RunTime:0.000009s ]
INFO: [ app_init ] --END-- [ RunTime:0.000169s ]
ERR: 无法加载模块:Resume

