[ 2016-08-26T00:06:55+08:00 ] 127.0.0.1 /resume/Home/Index/bye
INFO: [ app_init ] --START--
INFO: Run Behavior\BuildLiteBehavior [ RunTime:0.000007s ]
INFO: [ app_init ] --END-- [ RunTime:0.000166s ]
ERR: 无法加载模块:Resume

[ 2016-08-26T00:07:07+08:00 ] 127.0.0.1 /resume/Home/Index/bye
INFO: [ app_init ] --START--
INFO: Run Behavior\BuildLiteBehavior [ RunTime:0.000007s ]
INFO: [ app_init ] --END-- [ RunTime:0.000167s ]
ERR: 无法加载模块:Resume

[ 2016-08-26T00:07:29+08:00 ] 127.0.0.1 /resume/Home/Index/bye
INFO: [ app_init ] --START--
INFO: Run Behavior\BuildLiteBehavior [ RunTime:0.000008s ]
INFO: [ app_init ] --END-- [ RunTime:0.000185s ]
ERR: 无法加载模块:Resume

[ 2016-08-26T00:08:09+08:00 ] 127.0.0.1 /resume/Home/Index/bye
INFO: [ app_init ] --START--
INFO: Run Behavior\BuildLiteBehavior [ RunTime:0.000007s ]
INFO: [ app_init ] --END-- [ RunTime:0.000172s ]
ERR: 无法加载模块:Resume

[ 2016-08-26T00:08:19+08:00 ] 127.0.0.1 /resume/Home/Index/bye
INFO: [ app_init ] --START--
INFO: Run Behavior\BuildLiteBehavior [ RunTime:0.000008s ]
INFO: [ app_init ] --END-- [ RunTime:0.000169s ]
ERR: 无法加载模块:Resume

[ 2016-08-26T00:08:39+08:00 ] 127.0.0.1 /resume/Home/Index/bye
INFO: [ app_init ] --START--
INFO: Run Behavior\BuildLiteBehavior [ RunTime:0.000006s ]
INFO: [ app_init ] --END-- [ RunTime:0.000155s ]
ERR: 无法加载模块:Resume

[ 2016-08-26T00:09:30+08:00 ] 127.0.0.1 /resume/Home/Index/bye
INFO: [ app_init ] --START--
INFO: Run Behavior\BuildLiteBehavior [ RunTime:0.000008s ]
INFO: [ app_init ] --END-- [ RunTime:0.000176s ]
ERR: 无法加载模块:Resume

[ 2016-08-26T00:09:53+08:00 ] 127.0.0.1 /resume/Home/Index/bye
INFO: [ app_init ] --START--
INFO: Run Behavior\BuildLiteBehavior [ RunTime:0.000007s ]
INFO: [ app_init ] --END-- [ RunTime:0.000169s ]
ERR: 无法加载模块:Resume

[ 2016-08-26T00:10:02+08:00 ] 127.0.0.1 /resume/Home/Index/bye
INFO: [ app_init ] --START--
INFO: Run Behavior\BuildLiteBehavior [ RunTime:0.000012s ]
INFO: [ app_init ] --END-- [ RunTime:0.000211s ]
ERR: 无法加载模块:Resume

[ 2016-08-26T00:10:13+08:00 ] 127.0.0.1 /resume/Home/Index/bye
INFO: [ app_init ] --START--
INFO: Run Behavior\BuildLiteBehavior [ RunTime:0.000009s ]
INFO: [ app_init ] --END-- [ RunTime:0.000175s ]
ERR: 无法加载模块:Resume

[ 2016-08-26T00:10:36+08:00 ] 127.0.0.1 /resume/Home/Index/bye
INFO: [ app_init ] --START--
INFO: Run Behavior\BuildLiteBehavior [ RunTime:0.000007s ]
INFO: [ app_init ] --END-- [ RunTime:0.000189s ]
ERR: 无法加载模块:Resume

[ 2016-08-26T00:10:42+08:00 ] 127.0.0.1 /resume/Home/Index/bye
INFO: [ app_init ] --START--
INFO: Run Behavior\BuildLiteBehavior [ RunTime:0.000012s ]
INFO: [ app_init ] --END-- [ RunTime:0.000230s ]
ERR: 无法加载模块:Resume

[ 2016-08-26T00:11:44+08:00 ] 127.0.0.1 /resume/Home/Index/bye
INFO: [ app_init ] --START--
INFO: Run Behavior\BuildLiteBehavior [ RunTime:0.000010s ]
INFO: [ app_init ] --END-- [ RunTime:0.000243s ]
ERR: 无法加载模块:Resume

[ 2016-08-26T00:13:07+08:00 ] 127.0.0.1 /resume/Home/Index/bye
INFO: [ app_init ] --START--
INFO: Run Behavior\BuildLiteBehavior [ RunTime:0.000007s ]
INFO: [ app_init ] --END-- [ RunTime:0.000171s ]
ERR: 无法加载模块:Resume

[ 2016-08-26T00:18:49+08:00 ] 127.0.0.1 /resume/Home/Index/bye
INFO: [ app_init ] --START--
INFO: Run Behavior\BuildLiteBehavior [ RunTime:0.000007s ]
INFO: [ app_init ] --END-- [ RunTime:0.000168s ]
ERR: 无法加载模块:Resume

[ 2016-08-26T00:19:19+08:00 ] 127.0.0.1 /resume/Home/Index/bye
INFO: [ app_init ] --START--
INFO: Run Behavior\BuildLiteBehavior [ RunTime:0.000019s ]
INFO: [ app_init ] --END-- [ RunTime:0.000310s ]
ERR: 无法加载模块:Resume

[ 2016-08-26T00:22:24+08:00 ] 127.0.0.1 /resume/Home/Index/bye
ERR: 无法加载模块:Resume

